Change Component Designator: Old Designator=C20 New Designator=C21
Change Component Designator: Old Designator=C21 New Designator=C23
Change Component Designator: Old Designator=C22 New Designator=C24
Change Component Designator: Old Designator=C23 New Designator=C28
Change Component Designator: Old Designator=C24 New Designator=C29
Change Component Designator: Old Designator=C25 New Designator=C31
Change Component Designator: Old Designator=C26 New Designator=C33
Change Component Designator: Old Designator=C27 New Designator=C34
Change Component Designator: Old Designator=C28 New Designator=C35
Change Component Designator: Old Designator=C? New Designator=C20
Change Component Designator: Old Designator=C? New Designator=C22
Change Component Designator: Old Designator=C? New Designator=C25
Change Component Designator: Old Designator=C? New Designator=C26
Change Component Designator: Old Designator=C? New Designator=C27
Change Component Designator: Old Designator=C? New Designator=C30
Change Component Designator: Old Designator=C? New Designator=C32
Change Component Designator: Old Designator=R11 New Designator=R12
Change Component Designator: Old Designator=R12 New Designator=R14
Change Component Designator: Old Designator=R13 New Designator=R15
Change Component Designator: Old Designator=R14 New Designator=R16
Change Component Designator: Old Designator=R15 New Designator=R17
Change Component Designator: Old Designator=R16 New Designator=R18
Change Component Designator: Old Designator=R17 New Designator=R20
Change Component Designator: Old Designator=R18 New Designator=R23
Change Component Designator: Old Designator=R19 New Designator=R25
Change Component Designator: Old Designator=R20 New Designator=R27
Change Component Designator: Old Designator=R21 New Designator=R30
Change Component Designator: Old Designator=R22 New Designator=R32
Change Component Designator: Old Designator=R23 New Designator=R33
Change Component Designator: Old Designator=R24 New Designator=R34
Change Component Designator: Old Designator=R? New Designator=R11
Change Component Designator: Old Designator=R? New Designator=R13
Change Component Designator: Old Designator=R? New Designator=R19
Change Component Designator: Old Designator=R? New Designator=R21
Change Component Designator: Old Designator=R? New Designator=R22
Change Component Designator: Old Designator=R? New Designator=R24
Change Component Designator: Old Designator=R? New Designator=R26
Change Component Designator: Old Designator=R? New Designator=R28
Change Component Designator: Old Designator=R? New Designator=R29
Change Component Designator: Old Designator=R? New Designator=R31
Change Component Designator: Old Designator=TP4 New Designator=TP5
Change Component Designator: Old Designator=TP5 New Designator=TP6
Change Component Designator: Old Designator=TP6 New Designator=TP7
Change Component Designator: Old Designator=TP7 New Designator=TP8
Change Component Designator: Old Designator=TP8 New Designator=TP9
Change Component Designator: Old Designator=TP? New Designator=TP4
