Change Component Designator: Old Designator=1 New Designator=?
Change Component Designator: Old Designator=2 New Designator=?
Change Component Designator: Old Designator=3 New Designator=?
Change Component Designator: Old Designator=4 New Designator=?
Change Component Designator: Old Designator=5 New Designator=?
Change Component Designator: Old Designator=6 New Designator=?
Change Component Designator: Old Designator=7 New Designator=?
Change Component Designator: Old Designator=8 New Designator=?
Change Component Designator: Old Designator=9 New Designator=?
Change Component Designator: Old Designator=10 New Designator=?
Change Component Designator: Old Designator=11 New Designator=?
Change Component Designator: Old Designator=C80 New Designator=C?
Change Component Designator: Old Designator=C81 New Designator=C?
Change Component Designator: Old Designator=D5 New Designator=D?
Change Component Designator: Old Designator=J1 New Designator=J?
Change Component Designator: Old Designator=J2 New Designator=J?
Change Component Designator: Old Designator=R214 New Designator=R?
Change Component Designator: Old Designator=R215 New Designator=R?
Change Component Designator: Old Designator=R216 New Designator=R?
Change Component Designator: Old Designator=R217 New Designator=R?
Change Component Designator: Old Designator=R218 New Designator=R?
Change Component Designator: Old Designator=R219 New Designator=R?
Change Component Designator: Old Designator=R220 New Designator=R?
Change Component Designator: Old Designator=R221 New Designator=R?
Change Component Designator: Old Designator=R222 New Designator=R?
Change Component Designator: Old Designator=R223 New Designator=R?
Change Component Designator: Old Designator=R224 New Designator=R?
Change Component Designator: Old Designator=R225 New Designator=R?
Change Component Designator: Old Designator=R226 New Designator=R?
Change Component Designator: Old Designator=R227 New Designator=R?
Change Component Designator: Old Designator=R228 New Designator=R?
Change Component Designator: Old Designator=R229 New Designator=R?
