Change Component Designator: Old Designator=C68 New Designator=C72
Change Component Designator: Old Designator=C69 New Designator=C73
Change Component Designator: Old Designator=C70 New Designator=C74
Change Component Designator: Old Designator=C71 New Designator=C75
Change Component Designator: Old Designator=C72 New Designator=C76
Change Component Designator: Old Designator=C73 New Designator=C77
Change Component Designator: Old Designator=D2 New Designator=D3
Change Component Designator: Old Designator=D3 New Designator=D4
Change Component Designator: Old Designator=Q4 New Designator=Q3
Change Component Designator: Old Designator=Q5 New Designator=Q4
Change Component Designator: Old Designator=R74 New Designator=R80
Change Component Designator: Old Designator=R75 New Designator=R81
Change Component Designator: Old Designator=R76 New Designator=R82
Change Component Designator: Old Designator=R? New Designator=R77
Change Component Designator: Old Designator=R? New Designator=R78
Change Component Designator: Old Designator=R? New Designator=R79
Change Component Designator: Old Designator=R? New Designator=R83
Change Component Designator: Old Designator=R? New Designator=R84
Change Component Designator: Old Designator=R? New Designator=R85
Change Component Designator: Old Designator=R? New Designator=R86
Change Component Designator: Old Designator=U4 New Designator=U5
