Change Component Designator: Old Designator=B? New Designator=B1
Change Component Designator: Old Designator=C? New Designator=C98
Change Component Designator: Old Designator=C? New Designator=C99
Change Component Designator: Old Designator=C? New Designator=C100
Change Component Designator: Old Designator=C? New Designator=C101
Change Component Designator: Old Designator=C? New Designator=C102
Change Component Designator: Old Designator=C? New Designator=C103
Change Component Designator: Old Designator=CN? New Designator=CN1
Change Component Designator: Old Designator=D? New Designator=D22
Change Component Designator: Old Designator=IC? New Designator=IC13
Change Component Designator: Old Designator=LED? New Designator=LED2
Change Component Designator: Old Designator=LED? New Designator=LED3
Change Component Designator: Old Designator=LED? New Designator=LED4
Change Component Designator: Old Designator=LED? New Designator=LED5
Change Component Designator: Old Designator=LED? New Designator=LED6
Change Component Designator: Old Designator=LED? New Designator=LED7
Change Component Designator: Old Designator=LED? New Designator=LED8
Change Component Designator: Old Designator=LED? New Designator=LED9
Change Component Designator: Old Designator=LS? New Designator=LS1
Change Component Designator: Old Designator=PROGRAM? New Designator=PROGRAM1
Change Component Designator: Old Designator=Q? New Designator=Q5
Change Component Designator: Old Designator=R? New Designator=R279
Change Component Designator: Old Designator=R? New Designator=R280
Change Component Designator: Old Designator=R? New Designator=R281
Change Component Designator: Old Designator=R? New Designator=R282
Change Component Designator: Old Designator=R? New Designator=R283
Change Component Designator: Old Designator=R? New Designator=R284
Change Component Designator: Old Designator=R? New Designator=R285
Change Component Designator: Old Designator=R? New Designator=R286
Change Component Designator: Old Designator=R? New Designator=R287
Change Component Designator: Old Designator=R? New Designator=R288
Change Component Designator: Old Designator=R? New Designator=R289
Change Component Designator: Old Designator=R? New Designator=R290
Change Component Designator: Old Designator=R? New Designator=R291
Change Component Designator: Old Designator=R? New Designator=R292
Change Component Designator: Old Designator=R? New Designator=R293
Change Component Designator: Old Designator=R? New Designator=R294
Change Component Designator: Old Designator=SW_BOOT? New Designator=SW_BOOT1
Change Component Designator: Old Designator=U? New Designator=U6
Change Component Designator: Old Designator=USB? New Designator=USB1
Change Component Designator: Old Designator=X? New Designator=X1
Change Component Designator: Old Designator=Y? New Designator=Y1
