Change Component Designator: Old Designator=B? New Designator=B1
Change Component Designator: Old Designator=C? New Designator=C54
Change Component Designator: Old Designator=C? New Designator=C55
Change Component Designator: Old Designator=C? New Designator=C56
Change Component Designator: Old Designator=CN? New Designator=CN1
Change Component Designator: Old Designator=CN? New Designator=CN2
Change Component Designator: Old Designator=D? New Designator=D3
Change Component Designator: Old Designator=IC? New Designator=IC11
Change Component Designator: Old Designator=R? New Designator=R188
Change Component Designator: Old Designator=R? New Designator=R189
Change Component Designator: Old Designator=R? New Designator=R190
Change Component Designator: Old Designator=R? New Designator=R191
Change Component Designator: Old Designator=R? New Designator=R192
Change Component Designator: Old Designator=R? New Designator=R193
Change Component Designator: Old Designator=R? New Designator=R194
Change Component Designator: Old Designator=R? New Designator=R195
Change Component Designator: Old Designator=R? New Designator=R196
Change Component Designator: Old Designator=R? New Designator=R197
Change Component Designator: Old Designator=SB? New Designator=SB1
Change Component Designator: Old Designator=SB? New Designator=SB2
Change Component Designator: Old Designator=SB? New Designator=SB3
Change Component Designator: Old Designator=SB? New Designator=SB4
Change Component Designator: Old Designator=SB? New Designator=SB5
Change Component Designator: Old Designator=SB? New Designator=SB6
Change Component Designator: Old Designator=SB? New Designator=SB7
Change Component Designator: Old Designator=SB? New Designator=SB8
Change Component Designator: Old Designator=SB? New Designator=SB9
Change Component Designator: Old Designator=SB? New Designator=SB10
Change Component Designator: Old Designator=SB? New Designator=SB11
Change Component Designator: Old Designator=U? New Designator=U3
Change Component Designator: Old Designator=X? New Designator=X1
