Change Component Designator: Old Designator=C76 New Designator=C80
Change Component Designator: Old Designator=C77 New Designator=C81
Change Component Designator: Old Designator=C78 New Designator=C82
Change Component Designator: Old Designator=C79 New Designator=C83
Change Component Designator: Old Designator=C80 New Designator=C84
Change Component Designator: Old Designator=C81 New Designator=C85
Change Component Designator: Old Designator=D5 New Designator=D6
Change Component Designator: Old Designator=LED1 New Designator=LED2
Change Component Designator: Old Designator=LED2 New Designator=LED3
Change Component Designator: Old Designator=LED3 New Designator=LED4
Change Component Designator: Old Designator=LED4 New Designator=LED5
Change Component Designator: Old Designator=LED5 New Designator=LED6
Change Component Designator: Old Designator=LED6 New Designator=LED7
Change Component Designator: Old Designator=LED7 New Designator=LED8
Change Component Designator: Old Designator=LED8 New Designator=LED9
Change Component Designator: Old Designator=Q6 New Designator=Q5
Change Component Designator: Old Designator=R217 New Designator=R225
Change Component Designator: Old Designator=R218 New Designator=R226
Change Component Designator: Old Designator=R219 New Designator=R227
Change Component Designator: Old Designator=R220 New Designator=R228
Change Component Designator: Old Designator=R221 New Designator=R229
Change Component Designator: Old Designator=R222 New Designator=R230
Change Component Designator: Old Designator=R223 New Designator=R231
Change Component Designator: Old Designator=R224 New Designator=R232
Change Component Designator: Old Designator=R225 New Designator=R233
Change Component Designator: Old Designator=R226 New Designator=R234
Change Component Designator: Old Designator=R227 New Designator=R235
Change Component Designator: Old Designator=R228 New Designator=R236
Change Component Designator: Old Designator=R229 New Designator=R237
Change Component Designator: Old Designator=R230 New Designator=R238
Change Component Designator: Old Designator=R231 New Designator=R239
Change Component Designator: Old Designator=R232 New Designator=R240
Change Component Designator: Old Designator=U5 New Designator=U6
