Change Component Designator: Old Designator=C70 New Designator=C76
Change Component Designator: Old Designator=C71 New Designator=C77
Change Component Designator: Old Designator=C72 New Designator=C78
Change Component Designator: Old Designator=C73 New Designator=C79
Change Component Designator: Old Designator=C74 New Designator=C80
Change Component Designator: Old Designator=C75 New Designator=C81
Change Component Designator: Old Designator=D3 New Designator=D5
Change Component Designator: Old Designator=Q2 New Designator=Q6
Change Component Designator: Old Designator=R212 New Designator=R217
Change Component Designator: Old Designator=R213 New Designator=R218
Change Component Designator: Old Designator=R214 New Designator=R219
Change Component Designator: Old Designator=R215 New Designator=R220
Change Component Designator: Old Designator=R216 New Designator=R221
Change Component Designator: Old Designator=R217 New Designator=R222
Change Component Designator: Old Designator=R218 New Designator=R223
Change Component Designator: Old Designator=R219 New Designator=R224
Change Component Designator: Old Designator=R220 New Designator=R225
Change Component Designator: Old Designator=R221 New Designator=R226
Change Component Designator: Old Designator=R222 New Designator=R227
Change Component Designator: Old Designator=R223 New Designator=R228
Change Component Designator: Old Designator=R224 New Designator=R229
Change Component Designator: Old Designator=R225 New Designator=R230
Change Component Designator: Old Designator=R226 New Designator=R231
Change Component Designator: Old Designator=R227 New Designator=R232
Change Component Designator: Old Designator=U4 New Designator=U5
