Change Component Designator: Old Designator=B1 New Designator=B?
Change Component Designator: Old Designator=C82 New Designator=C?
Change Component Designator: Old Designator=C83 New Designator=C?
Change Component Designator: Old Designator=C84 New Designator=C?
Change Component Designator: Old Designator=C85 New Designator=C?
Change Component Designator: Old Designator=C86 New Designator=C?
Change Component Designator: Old Designator=C87 New Designator=C?
Change Component Designator: Old Designator=CN1 New Designator=CN?
Change Component Designator: Old Designator=D6 New Designator=D?
Change Component Designator: Old Designator=IC13 New Designator=IC?
Change Component Designator: Old Designator=LED2 New Designator=LED?
Change Component Designator: Old Designator=LED3 New Designator=LED?
Change Component Designator: Old Designator=LED4 New Designator=LED?
Change Component Designator: Old Designator=LED5 New Designator=LED?
Change Component Designator: Old Designator=LED6 New Designator=LED?
Change Component Designator: Old Designator=LED7 New Designator=LED?
Change Component Designator: Old Designator=LED8 New Designator=LED?
Change Component Designator: Old Designator=LED9 New Designator=LED?
Change Component Designator: Old Designator=LS1 New Designator=LS?
Change Component Designator: Old Designator=PROGRAM1 New Designator=PROGRAM?
Change Component Designator: Old Designator=Q5 New Designator=Q?
Change Component Designator: Old Designator=R230 New Designator=R?
Change Component Designator: Old Designator=R231 New Designator=R?
Change Component Designator: Old Designator=R232 New Designator=R?
Change Component Designator: Old Designator=R233 New Designator=R?
Change Component Designator: Old Designator=R234 New Designator=R?
Change Component Designator: Old Designator=R235 New Designator=R?
Change Component Designator: Old Designator=R236 New Designator=R?
Change Component Designator: Old Designator=R237 New Designator=R?
Change Component Designator: Old Designator=R238 New Designator=R?
Change Component Designator: Old Designator=R239 New Designator=R?
Change Component Designator: Old Designator=R240 New Designator=R?
Change Component Designator: Old Designator=R241 New Designator=R?
Change Component Designator: Old Designator=R242 New Designator=R?
Change Component Designator: Old Designator=R243 New Designator=R?
Change Component Designator: Old Designator=R244 New Designator=R?
Change Component Designator: Old Designator=R245 New Designator=R?
Change Component Designator: Old Designator=SW_BOOT1 New Designator=SW_BOOT?
Change Component Designator: Old Designator=U6 New Designator=U?
Change Component Designator: Old Designator=USB1 New Designator=USB?
Change Component Designator: Old Designator=X1 New Designator=X?
Change Component Designator: Old Designator=Y1 New Designator=Y?
