Change Component Designator: Old Designator=C? New Designator=C24
Change Component Designator: Old Designator=C? New Designator=C25
Change Component Designator: Old Designator=C? New Designator=C26
Change Component Designator: Old Designator=C? New Designator=C27
Change Component Designator: Old Designator=C? New Designator=C28
Change Component Designator: Old Designator=C? New Designator=C29
Change Component Designator: Old Designator=C? New Designator=C30
Change Component Designator: Old Designator=C? New Designator=C31
Change Component Designator: Old Designator=C? New Designator=C32
Change Component Designator: Old Designator=C? New Designator=C33
Change Component Designator: Old Designator=C? New Designator=C34
Change Component Designator: Old Designator=C? New Designator=C35
Change Component Designator: Old Designator=C? New Designator=C36
Change Component Designator: Old Designator=C? New Designator=C37
Change Component Designator: Old Designator=C? New Designator=C38
Change Component Designator: Old Designator=C? New Designator=C39
Change Component Designator: Old Designator=L? New Designator=L4
Change Component Designator: Old Designator=R? New Designator=R9
Change Component Designator: Old Designator=R? New Designator=R10
Change Component Designator: Old Designator=R? New Designator=R11
Change Component Designator: Old Designator=R? New Designator=R12
Change Component Designator: Old Designator=TP? New Designator=TP4
Change Component Designator: Old Designator=U? New Designator=U4
